<?xml version="1.0" encoding="UTF-8"?>
<testng-results ignored="0" total="1" passed="1" failed="0" skipped="0">
  <reporter-output>
  </reporter-output>
  <suite started-at="2023-01-16T23:47:57 IST" name="Default suite" finished-at="2023-01-16T23:48:15 IST" duration-ms="18234">
    <groups>
    </groups>
    <test started-at="2023-01-16T23:47:57 IST" name="Default test" finished-at="2023-01-16T23:48:15 IST" duration-ms="18234">
      <class name="PBModule2Test.PBTestClass">
        <test-method is-config="true" signature="OpenBrowser()[pri:0, instance:PBModule2Test.PBTestClass@7bab3f1a]" started-at="2023-01-16T23:47:57 IST" name="OpenBrowser" finished-at="2023-01-16T23:48:09 IST" duration-ms="12730" status="PASS">
          <reporter-output>
          </reporter-output>
        </test-method> <!-- OpenBrowser -->
        <test-method signature="TLInsurance()[pri:0, instance:PBModule2Test.PBTestClass@7bab3f1a]" started-at="2023-01-16T23:48:09 IST" name="TLInsurance" finished-at="2023-01-16T23:48:15 IST" duration-ms="5459" status="PASS">
          <reporter-output>
          </reporter-output>
        </test-method> <!-- TLInsurance -->
      </class> <!-- PBModule2Test.PBTestClass -->
    </test> <!-- Default test -->
  </suite> <!-- Default suite -->
</testng-results>
